<?xml version="1.0" encoding="UTF-8"?>
<testng-results ignored="0" total="1" passed="1" failed="0" skipped="0">
  <reporter-output>
  </reporter-output>
  <suite started-at="2022-04-14T22:26:48 IST" name="Suite" finished-at="2022-04-14T22:27:24 IST" duration-ms="35511">
    <groups>
    </groups>
    <test started-at="2022-04-14T22:26:48 IST" name="Test" finished-at="2022-04-14T22:27:24 IST" duration-ms="35511">
      <class name="GitProject.GitProject.AppTest">
        <test-method signature="launchbrowser()[pri:0, instance:GitProject.GitProject.AppTest@4f209819]" started-at="2022-04-14T22:26:48 IST" name="launchbrowser" finished-at="2022-04-14T22:27:24 IST" duration-ms="35443" status="PASS">
          <reporter-output>
          </reporter-output>
        </test-method> <!-- launchbrowser -->
      </class> <!-- GitProject.GitProject.AppTest -->
    </test> <!-- Test -->
  </suite> <!-- Suite -->
</testng-results>
