<?xml version="1.0" encoding="UTF-8"?>
<testng-results ignored="0" total="1" passed="1" failed="0" skipped="0">
  <reporter-output>
  </reporter-output>
  <suite started-at="2022-04-14T00:34:50 IST" name="Suite" finished-at="2022-04-14T00:35:15 IST" duration-ms="24323">
    <groups>
    </groups>
    <test started-at="2022-04-14T00:34:50 IST" name="Test" finished-at="2022-04-14T00:35:15 IST" duration-ms="24323">
      <class name="GitProject.GitProject.AppTest">
        <test-method signature="launchbrowser()[pri:0, instance:GitProject.GitProject.AppTest@5c5eefef]" started-at="2022-04-14T00:34:50 IST" name="launchbrowser" finished-at="2022-04-14T00:35:15 IST" duration-ms="24235" status="PASS">
          <reporter-output>
          </reporter-output>
        </test-method> <!-- launchbrowser -->
      </class> <!-- GitProject.GitProject.AppTest -->
    </test> <!-- Test -->
  </suite> <!-- Suite -->
</testng-results>
